[    0.000000] Linux version 4.15.0-47-generic (buildd@lgw01-amd64-001) (gcc version 7.3.0 (Ubuntu 7.3.0-16ubuntu3)) #50-Ubuntu SMP Wed Mar 13 10:44:52 UTC 2019 (Ubuntu 4.15.0-47.50-generic 4.15.18)
[    0.000000] Command line: BOOT_IMAGE=/boot/vmlinuz-4.15.0-47-generic root=LABEL=cloudimg-rootfs ro console=tty1 console=ttyS0
[    0.000000] KERNEL supported cpus:
[    0.000000]   Intel GenuineIntel
[    0.000000]   AMD AuthenticAMD
[    0.000000]   Centaur CentaurHauls
[    0.000000] x86/fpu: Supporting XSAVE feature 0x001: 'x87 floating point registers'
[    0.000000] x86/fpu: Supporting XSAVE feature 0x002: 'SSE registers'
[    0.000000] x86/fpu: Supporting XSAVE feature 0x004: 'AVX registers'
[    0.000000] x86/fpu: xstate_offset[2]:  576, xstate_sizes[2]:  256
[    0.000000] x86/fpu: Enabled xstate features 0x7, context size is 832 bytes, using 'standard' format.
[    0.000000] e820: BIOS-provided physical RAM map:
[    0.000000] BIOS-e820: [mem 0x0000000000000000-0x000000000009fbff] usable
[    0.000000] BIOS-e820: [mem 0x000000000009fc00-0x000000000009ffff] reserved
[    0.000000] BIOS-e820: [mem 0x00000000000f0000-0x00000000000fffff] reserved
[    0.000000] BIOS-e820: [mem 0x0000000000100000-0x000000001ffeffff] usable
[    0.000000] BIOS-e820: [mem 0x000000001fff0000-0x000000001fffffff] ACPI data
[    0.000000] BIOS-e820: [mem 0x00000000fec00000-0x00000000fec00fff] reserved
[    0.000000] BIOS-e820: [mem 0x00000000fee00000-0x00000000fee00fff] reserved
[    0.000000] BIOS-e820: [mem 0x00000000fffc0000-0x00000000ffffffff] reserved
[    0.000000] NX (Execute Disable) protection: active
[    0.000000] SMBIOS 2.5 present.
[    0.000000] DMI: innotek GmbH VirtualBox/VirtualBox, BIOS VirtualBox 12/01/2006
[    0.000000] Hypervisor detected: KVM
[    0.000000] e820: last_pfn = 0x1fff0 max_arch_pfn = 0x400000000
[    0.000000] MTRR: Disabled
[    0.000000] x86/PAT: MTRRs disabled, skipping PAT initialization too.
[    0.000000] CPU MTRRs all blank - virtualized system.
[    0.000000] x86/PAT: Configuration [0-7]: WB  WT  UC- UC  WB  WT  UC- UC  
[    0.000000] found SMP MP-table at [mem 0x0009fff0-0x0009ffff] mapped at [        (ptrval)]
[    0.000000] Scanning 1 areas for low memory corruption
[    0.000000] RAMDISK: [mem 0x1dc73000-0x1eefbfff]
[    0.000000] ACPI: Early table checksum verification disabled
[    0.000000] ACPI: RSDP 0x00000000000E0000 000024 (v02 VBOX  )
[    0.000000] ACPI: XSDT 0x000000001FFF0030 00003C (v01 VBOX   VBOXXSDT 00000001 ASL  00000061)
[    0.000000] ACPI: FACP 0x000000001FFF00F0 0000F4 (v04 VBOX   VBOXFACP 00000001 ASL  00000061)
[    0.000000] ACPI: DSDT 0x000000001FFF0470 0022EA (v02 VBOX   VBOXBIOS 00000002 INTL 20100528)
[    0.000000] ACPI: FACS 0x000000001FFF0200 000040
[    0.000000] ACPI: FACS 0x000000001FFF0200 000040
[    0.000000] ACPI: APIC 0x000000001FFF0240 00005C (v02 VBOX   VBOXAPIC 00000001 ASL  00000061)
[    0.000000] ACPI: SSDT 0x000000001FFF02A0 0001CC (v01 VBOX   VBOXCPUT 00000002 INTL 20100528)
[    0.000000] No NUMA configuration found
[    0.000000] Faking a node at [mem 0x0000000000000000-0x000000001ffeffff]
[    0.000000] NODE_DATA(0) allocated [mem 0x1ffc5000-0x1ffeffff]
[    0.000000] kvm-clock: cpu 0, msr 0:1ff44001, primary cpu clock
[    0.000000] kvm-clock: Using msrs 4b564d01 and 4b564d00
[    0.000000] kvm-clock: using sched offset of 4266475187 cycles
[    0.000000] clocksource: kvm-clock: mask: 0xffffffffffffffff max_cycles: 0x1cd42e4dffb, max_idle_ns: 881590591483 ns
[    0.000000] Zone ranges:
[    0.000000]   DMA      [mem 0x0000000000001000-0x0000000000ffffff]
[    0.000000]   DMA32    [mem 0x0000000001000000-0x000000001ffeffff]
[    0.000000]   Normal   empty
[    0.000000]   Device   empty
[    0.000000] Movable zone start for each node
[    0.000000] Early memory node ranges
[    0.000000]   node   0: [mem 0x0000000000001000-0x000000000009efff]
[    0.000000]   node   0: [mem 0x0000000000100000-0x000000001ffeffff]
[    0.000000] Reserved but unavailable: 114 pages
[    0.000000] Initmem setup node 0 [mem 0x0000000000001000-0x000000001ffeffff]
[    0.000000] ACPI: PM-Timer IO Port: 0x4008
[    0.000000] IOAPIC[0]: apic_id 2, version 32, address 0xfec00000, GSI 0-23
[    0.000000] ACPI: INT_SRC_OVR (bus 0 bus_irq 0 global_irq 2 dfl dfl)
[    0.000000] ACPI: INT_SRC_OVR (bus 0 bus_irq 9 global_irq 9 low level)
[    0.000000] Using ACPI (MADT) for SMP configuration information
[    0.000000] smpboot: Allowing 2 CPUs, 0 hotplug CPUs
[    0.000000] PM: Registered nosave memory: [mem 0x00000000-0x00000fff]
[    0.000000] PM: Registered nosave memory: [mem 0x0009f000-0x0009ffff]
[    0.000000] PM: Registered nosave memory: [mem 0x000a0000-0x000effff]
[    0.000000] PM: Registered nosave memory: [mem 0x000f0000-0x000fffff]
[    0.000000] e820: [mem 0x20000000-0xfebfffff] available for PCI devices
[    0.000000] Booting paravirtualized kernel on KVM
[    0.000000] clocksource: refined-jiffies: mask: 0xffffffff max_cycles: 0xffffffff, max_idle_ns: 7645519600211568 ns
[    0.000000] random: get_random_bytes called from start_kernel+0x99/0x4fd with crng_init=0
[    0.000000] setup_percpu: NR_CPUS:8192 nr_cpumask_bits:2 nr_cpu_ids:2 nr_node_ids:1
[    0.000000] percpu: Embedded 46 pages/cpu @        (ptrval) s151552 r8192 d28672 u1048576
[    0.000000] PV qspinlock hash table entries: 256 (order: 0, 4096 bytes)
[    0.000000] Built 1 zonelists, mobility grouping on.  Total pages: 128889
[    0.000000] Policy zone: DMA32
[    0.000000] Kernel command line: BOOT_IMAGE=/boot/vmlinuz-4.15.0-47-generic root=LABEL=cloudimg-rootfs ro console=tty1 console=ttyS0
[    0.000000] Memory: 467508K/523832K available (12300K kernel code, 2473K rwdata, 4252K rodata, 2408K init, 2416K bss, 56324K reserved, 0K cma-reserved)
[    0.000000] SLUB: HWalign=64, Order=0-3, MinObjects=0, CPUs=2, Nodes=1
[    0.000000] Kernel/User page tables isolation: enabled
[    0.000000] ftrace: allocating 39206 entries in 154 pages
[    0.004000] Hierarchical RCU implementation.
[    0.004000] 	RCU restricting CPUs from NR_CPUS=8192 to nr_cpu_ids=2.
[    0.004000] 	Tasks RCU enabled.
[    0.004000] RCU: Adjusting geometry for rcu_fanout_leaf=16, nr_cpu_ids=2
[    0.004000] NR_IRQS: 524544, nr_irqs: 440, preallocated irqs: 16
[    0.004000] Console: colour VGA+ 80x25
[    0.004000] console [tty1] enabled
[    0.004000] console [ttyS0] enabled
[    0.004000] ACPI: Core revision 20170831
[    0.004000] ACPI: 2 ACPI AML tables successfully acquired and loaded
[    0.004000] APIC: Switch to symmetric I/O mode setup
[    0.004000] x2apic enabled
[    0.004000] Switched APIC routing to physical x2apic.
[    0.004000] ..TIMER: vector=0x30 apic1=0 pin1=2 apic2=-1 pin2=-1
[    0.004004] tsc: Detected 2999.998 MHz processor
[    0.005519] Calibrating delay loop (skipped) preset value.. 5999.99 BogoMIPS (lpj=11999992)
[    0.008003] pid_max: default: 32768 minimum: 301
[    0.009184] Security Framework initialized
[    0.012002] Yama: becoming mindful.
[    0.012971] AppArmor: AppArmor initialized
[    0.014595] Dentry cache hash table entries: 65536 (order: 7, 524288 bytes)
[    0.016052] Inode-cache hash table entries: 32768 (order: 6, 262144 bytes)
[    0.017774] Mount-cache hash table entries: 1024 (order: 1, 8192 bytes)
[    0.020087] Mountpoint-cache hash table entries: 1024 (order: 1, 8192 bytes)
[    0.028879] mce: CPU supports 0 MCE banks
[    0.030997] Last level iTLB entries: 4KB 1024, 2MB 1024, 4MB 1024
[    0.032004] Last level dTLB entries: 4KB 1024, 2MB 1024, 4MB 1024, 1GB 4
[    0.034163] Spectre V2 : Mitigation: Full generic retpoline
[    0.036002] Spectre V2 : Spectre v2 / SpectreRSB mitigation: Filling RSB on context switch
[    0.038203] Speculative Store Bypass: Vulnerable
[    0.039446] Freeing SMP alternatives memory: 36K
[    0.044000] smpboot: CPU0: Intel(R) Core(TM) i7-4578U CPU @ 3.00GHz (family: 0x6, model: 0x45, stepping: 0x1)
[    0.044147] Performance Events: unsupported p6 CPU model 69 no PMU driver, software events only.
[    0.047897] Hierarchical SRCU implementation.
[    0.048554] NMI watchdog: Perf event create on CPU 0 failed with -2
[    0.050957] NMI watchdog: Perf NMI watchdog permanently disabled
[    0.052096] smp: Bringing up secondary CPUs ...
[    0.053331] x86: Booting SMP configuration:
[    0.056009] .... node  #0, CPUs:      #1
[    0.004000] kvm-clock: cpu 1, msr 0:1ff44041, secondary cpu clock
[    0.004000] mce: CPU supports 0 MCE banks
[    0.064032] smp: Brought up 1 node, 2 CPUs
[    0.066002] smpboot: Max logical packages: 1
[    0.068011] smpboot: Total of 2 processors activated (11999.99 BogoMIPS)
[    0.072189] devtmpfs: initialized
[    0.073681] x86/mm: Memory block size: 128MB
[    0.076211] evm: security.selinux
[    0.077963] evm: security.SMACK64
[    0.080004] evm: security.SMACK64EXEC
[    0.082156] evm: security.SMACK64TRANSMUTE
[    0.084009] evm: security.SMACK64MMAP
[    0.086106] evm: security.apparmor
[    0.088010] evm: security.ima
[    0.090198] evm: security.capability
[    0.092407] clocksource: jiffies: mask: 0xffffffff max_cycles: 0xffffffff, max_idle_ns: 7645041785100000 ns
[    0.096024] futex hash table entries: 512 (order: 3, 32768 bytes)
[    0.099562] pinctrl core: initialized pinctrl subsystem
[    0.100298] RTC time: 15:05:18, date: 06/13/19
[    0.104252] NET: Registered protocol family 16
[    0.108171] audit: initializing netlink subsys (disabled)
[    0.111116] audit: type=2000 audit(1560438324.554:1): state=initialized audit_enabled=0 res=1
[    0.116083] cpuidle: using governor ladder
[    0.119012] cpuidle: using governor menu
[    0.120106] ACPI: bus type PCI registered
[    0.124004] acpiphp: ACPI Hot Plug PCI Controller Driver version: 0.5
[    0.128254] PCI: Using configuration type 1 for base access
[    0.133313] HugeTLB registered 2.00 MiB page size, pre-allocated 0 pages
[    0.136289] ACPI: Added _OSI(Module Device)
[    0.140009] ACPI: Added _OSI(Processor Device)
[    0.141622] ACPI: Added _OSI(3.0 _SCP Extensions)
[    0.143074] ACPI: Added _OSI(Processor Aggregator Device)
[    0.144008] ACPI: Added _OSI(Linux-Dell-Video)
[    0.145552] ACPI: Added _OSI(Linux-Lenovo-NV-HDMI-Audio)
[    0.148003] ACPI: Added _OSI(Linux-HPI-Hybrid-Graphics)
[    0.150240] ACPI: Executed 1 blocks of module-level executable AML code
[    0.158692] ACPI: Interpreter enabled
[    0.160000] ACPI: (supports S0 S5)
[    0.160006] ACPI: Using IOAPIC for interrupt routing
[    0.161698] PCI: Using host bridge windows from ACPI; if necessary, use "pci=nocrs" and report a bug
[    0.164600] ACPI: Enabled 2 GPEs in block 00 to 07
[    0.176445] ACPI: PCI Root Bridge [PCI0] (domain 0000 [bus 00-ff])
[    0.178534] acpi PNP0A03:00: _OSC: OS supports [ASPM ClockPM Segments MSI]
[    0.180329] acpi PNP0A03:00: _OSC: not requesting OS control; OS requires [ExtendedConfig ASPM ClockPM MSI]
[    0.183803] acpi PNP0A03:00: fail to add MMCONFIG information, can't access extended PCI configuration space under this bridge.
[    0.188343] PCI host bridge to bus 0000:00
[    0.189396] pci_bus 0000:00: root bus resource [io  0x0000-0x0cf7 window]
[    0.191170] pci_bus 0000:00: root bus resource [io  0x0d00-0xffff window]
[    0.192005] pci_bus 0000:00: root bus resource [mem 0x000a0000-0x000bffff window]
[    0.194215] pci_bus 0000:00: root bus resource [mem 0x20000000-0xfdffffff window]
[    0.196005] pci_bus 0000:00: root bus resource [bus 00-ff]
[    0.203350] pci 0000:00:01.1: legacy IDE quirk: reg 0x10: [io  0x01f0-0x01f7]
[    0.204003] pci 0000:00:01.1: legacy IDE quirk: reg 0x14: [io  0x03f6]
[    0.206081] pci 0000:00:01.1: legacy IDE quirk: reg 0x18: [io  0x0170-0x0177]
[    0.208003] pci 0000:00:01.1: legacy IDE quirk: reg 0x1c: [io  0x0376]
[    0.226714] pci 0000:00:07.0: quirk: [io  0x4000-0x403f] claimed by PIIX4 ACPI
[    0.228026] pci 0000:00:07.0: quirk: [io  0x4100-0x410f] claimed by PIIX4 SMB
[    0.242878] ACPI: PCI Interrupt Link [LNKA] (IRQs 5 9 10 *11)
[    0.244323] ACPI: PCI Interrupt Link [LNKB] (IRQs 5 9 *10 11)
[    0.246127] ACPI: PCI Interrupt Link [LNKC] (IRQs 5 *9 10 11)
[    0.248155] ACPI: PCI Interrupt Link [LNKD] (IRQs 5 9 10 *11)
[    0.250230] SCSI subsystem initialized
[    0.252069] pci 0000:00:02.0: vgaarb: setting as boot VGA device
[    0.253815] pci 0000:00:02.0: vgaarb: VGA device added: decodes=io+mem,owns=io+mem,locks=none
[    0.256008] pci 0000:00:02.0: vgaarb: bridge control possible
[    0.257459] vgaarb: loaded
[    0.258355] ACPI: bus type USB registered
[    0.260023] usbcore: registered new interface driver usbfs
[    0.261465] usbcore: registered new interface driver hub
[    0.262965] usbcore: registered new device driver usb
[    0.264062] EDAC MC: Ver: 3.0.0
[    0.265291] PCI: Using ACPI for IRQ routing
[    0.268900] NetLabel: Initializing
[    0.270219] NetLabel:  domain hash size = 128
[    0.271358] NetLabel:  protocols = UNLABELED CIPSOv4 CALIPSO
[    0.272022] NetLabel:  unlabeled traffic allowed by default
[    0.273555] clocksource: Switched to clocksource kvm-clock
[    0.285380] VFS: Disk quotas dquot_6.6.0
[    0.286741] VFS: Dquot-cache hash table entries: 512 (order 0, 4096 bytes)
[    0.288789] AppArmor: AppArmor Filesystem Enabled
[    0.290325] pnp: PnP ACPI init
[    0.292771] pnp: PnP ACPI: found 3 devices
[    0.305861] clocksource: acpi_pm: mask: 0xffffff max_cycles: 0xffffff, max_idle_ns: 2085701024 ns
[    0.308159] NET: Registered protocol family 2
[    0.309773] TCP established hash table entries: 4096 (order: 3, 32768 bytes)
[    0.311609] TCP bind hash table entries: 4096 (order: 4, 65536 bytes)
[    0.314102] TCP: Hash tables configured (established 4096 bind 4096)
[    0.316837] UDP hash table entries: 256 (order: 1, 8192 bytes)
[    0.318624] UDP-Lite hash table entries: 256 (order: 1, 8192 bytes)
[    0.320505] NET: Registered protocol family 1
[    0.321639] pci 0000:00:00.0: Limiting direct PCI/PCI transfers
[    0.323208] pci 0000:00:01.0: Activating ISA DMA hang workarounds
[    0.325206] pci 0000:00:02.0: Video device with shadowed ROM at [mem 0x000c0000-0x000dffff]
[    0.327890] Unpacking initramfs...
[    0.593693] Freeing initrd memory: 18980K
[    0.595217] platform rtc_cmos: registered platform RTC device (no PNP device found)
[    0.597525] Scanning for low memory corruption every 60 seconds
[    0.599860] Initialise system trusted keyrings
[    0.601902] Key type blacklist registered
[    0.603315] workingset: timestamp_bits=36 max_order=17 bucket_order=0
[    0.605902] zbud: loaded
[    0.607167] squashfs: version 4.0 (2009/01/31) Phillip Lougher
[    0.608970] fuse init (API version 7.26)
[    0.614557] Key type asymmetric registered
[    0.615619] Asymmetric key parser 'x509' registered
[    0.616920] Block layer SCSI generic (bsg) driver version 0.4 loaded (major 246)
[    0.618794] io scheduler noop registered
[    0.619789] io scheduler deadline registered
[    0.620967] io scheduler cfq registered (default)
[    0.622678] ACPI: AC Adapter [AC] (on-line)
[    0.624177] input: Power Button as /devices/LNXSYSTM:00/LNXPWRBN:00/input/input0
[    0.626529] ACPI: Power Button [PWRF]
[    0.627855] input: Sleep Button as /devices/LNXSYSTM:00/LNXSLPBN:00/input/input1
[    0.630298] ACPI: Sleep Button [SLPF]
[    0.632052] Serial: 8250/16550 driver, 32 ports, IRQ sharing enabled
[    0.655098] 00:02: ttyS0 at I/O 0x3f8 (irq = 4, base_baud = 115200) is a 16550A
[    0.661635] Linux agpgart interface v0.103
[    0.665223] loop: module loaded
[    0.667007] scsi host0: ata_piix
[    0.668369] scsi host1: ata_piix
[    0.669461] ata1: PATA max UDMA/33 cmd 0x1f0 ctl 0x3f6 bmdma 0xd000 irq 14
[    0.671133] ata2: PATA max UDMA/33 cmd 0x170 ctl 0x376 bmdma 0xd008 irq 15
[    0.672943] libphy: Fixed MDIO Bus: probed
[    0.674279] tun: Universal TUN/TAP device driver, 1.6
[    0.675691] PPP generic driver version 2.4.2
[    0.679436] ehci_hcd: USB 2.0 'Enhanced' Host Controller (EHCI) Driver
[    0.681497] ehci-pci: EHCI PCI platform driver
[    0.683274] ehci-platform: EHCI generic platform driver
[    0.684856] ohci_hcd: USB 1.1 'Open' Host Controller (OHCI) Driver
[    0.686410] ohci-pci: OHCI PCI platform driver
[    0.687526] ohci-platform: OHCI generic platform driver
[    0.688836] uhci_hcd: USB Universal Host Controller Interface driver
[    0.690898] i8042: PNP: PS/2 Controller [PNP0303:PS2K,PNP0f03:PS2M] at 0x60,0x64 irq 1,12
[    0.693548] serio: i8042 KBD port at 0x60,0x64 irq 1
[    0.695150] serio: i8042 AUX port at 0x60,0x64 irq 12
[    0.697006] mousedev: PS/2 mouse device common for all mice
[    0.699645] rtc_cmos rtc_cmos: rtc core: registered rtc_cmos as rtc0
[    0.701443] input: AT Translated Set 2 keyboard as /devices/platform/i8042/serio0/input/input2
[    0.704080] rtc_cmos rtc_cmos: alarms up to one day, 114 bytes nvram
[    0.706113] i2c /dev entries driver
[    0.707013] pcie_mp2_amd: AMD(R) PCI-E MP2 Communication Driver Version: 1.0
[    0.708829] device-mapper: uevent: version 1.0.3
[    0.710238] device-mapper: ioctl: 4.37.0-ioctl (2017-09-20) initialised: dm-devel@redhat.com
[    0.713754] ledtrig-cpu: registered to indicate activity on CPUs
[    0.715712] NET: Registered protocol family 10
[    0.720059] Segment Routing with IPv6
[    0.721230] NET: Registered protocol family 17
[    0.722458] Key type dns_resolver registered
[    0.724168] RAS: Correctable Errors collector initialized.
[    0.725535] sched_clock: Marking stable (724131679, 0)->(1044921532, -320789853)
[    0.728055] registered taskstats version 1
[    0.729103] Loading compiled-in X.509 certificates
[    0.733483] Loaded X.509 cert 'Build time autogenerated kernel key: 7211859d1298c08a101905a3cb814e8c7b4bf4a4'
[    0.736506] zswap: loaded using pool lzo/zbud
[    0.740922] Key type big_key registered
[    0.742082] Key type trusted registered
[    0.744860] Key type encrypted registered
[    0.746153] AppArmor: AppArmor sha1 policy hashing enabled
[    0.747870] ima: No TPM chip found, activating TPM-bypass! (rc=-19)
[    0.749470] ima: Allocated hash algorithm: sha1
[    0.750712] evm: HMAC attrs: 0x1
[    0.751942]   Magic number: 7:81:83
[    0.752997] rtc_cmos rtc_cmos: setting system clock to 2019-06-13 15:05:19 UTC (1560438319)
[    0.755228] BIOS EDD facility v0.16 2004-Jun-25, 0 devices found
[    0.756797] EDD information not available.
[    0.834697] Freeing unused kernel memory: 2408K
[    0.862361] Write protecting the kernel read-only data: 20480k
[    0.864763] Freeing unused kernel memory: 2008K
[    0.869098] Freeing unused kernel memory: 1892K
[    0.874576] x86/mm: Checked W+X mappings: passed, no W+X pages found.
[    0.876408] x86/mm: Checking user space page tables
[    0.881833] x86/mm: Checked W+X mappings: passed, no W+X pages found.
Loading, please wait...
starting version 237
[    0.950253] e1000: Intel(R) PRO/1000 Network Driver - version 7.3.21-k8-NAPI
[    0.952375] e1000: Copyright (c) 1999-2006 Intel Corporation.
[    0.962739] Fusion MPT base driver 3.04.20
[    0.963943] Copyright (c) 1999-2008 LSI Corporation
[    0.987423] AVX2 version of gcm_enc/dec engaged.
[    0.989120] AES CTR mode by8 optimization enabled
[    0.993237] Fusion MPT SPI Host driver 3.04.20
[    1.161955] input: ImExPS/2 Generic Explorer Mouse as /devices/platform/i8042/serio1/input/input4
[    1.465742] e1000 0000:00:03.0 eth0: (PCI:33MHz:32-bit) 02:06:00:4b:33:e4
[    1.467731] e1000 0000:00:03.0 eth0: Intel(R) PRO/1000 Network Connection
[    1.600436] tsc: Refined TSC clocksource calibration: 2999.766 MHz
[    1.603973] clocksource: tsc: mask: 0xffffffffffffffff max_cycles: 0x2b3d6834a83, max_idle_ns: 440795301052 ns
[    1.954596] e1000 0000:00:08.0 eth1: (PCI:33MHz:32-bit) 08:00:27:75:99:6e
[    1.956701] e1000 0000:00:08.0 eth1: Intel(R) PRO/1000 Network Connection
[    1.960319] e1000 0000:00:08.0 enp0s8: renamed from eth1
[    1.962825] mptbase: ioc0: Initiating bringup
[    1.977222] e1000 0000:00:03.0 enp0s3: renamed from eth0
[    2.060734] ioc0: LSI53C1030 A0: Capabilities={Initiator}
[    2.304413] scsi host2: ioc0: LSI53C1030 A0, FwRev=00000000h, Ports=1, MaxQ=256, IRQ=20
[    2.472916] scsi 2:0:0:0: Direct-Access     VBOX     HARDDISK         1.0  PQ: 0 ANSI: 5
[    2.504061] scsi target2:0:0: Beginning Domain Validation
[    2.507920] scsi target2:0:0: Domain Validation skipping write tests
[    2.509527] scsi target2:0:0: Ending Domain Validation
[    2.511450] scsi target2:0:0: asynchronous
[    2.513987] scsi 2:0:1:0: Direct-Access     VBOX     HARDDISK         1.0  PQ: 0 ANSI: 5
[    2.548457] scsi target2:0:1: Beginning Domain Validation
[    2.552093] random: fast init done
[    2.553624] scsi target2:0:1: Domain Validation skipping write tests
[    2.555476] scsi target2:0:1: Ending Domain Validation
[    2.556984] scsi target2:0:1: asynchronous
[    2.563081] random: systemd-udevd: uninitialized urandom read (16 bytes read)
[    2.566683] random: systemd-udevd: uninitialized urandom read (16 bytes read)
[    2.566701] sd 2:0:0:0: Attached scsi generic sg0 type 0
[    2.569961] sd 2:0:1:0: Attached scsi generic sg1 type 0
[    2.572708] random: systemd-udevd: uninitialized urandom read (16 bytes read)
[    2.574674] sd 2:0:0:0: [sda] 20971520 512-byte logical blocks: (10.7 GB/10.0 GiB)
[    2.574681] sd 2:0:1:0: [sdb] 20480 512-byte logical blocks: (10.5 MB/10.0 MiB)
[    2.576808] sd 2:0:1:0: [sdb] Write Protect is off
[    2.579953] sd 2:0:1:0: [sdb] Incomplete mode parameter data
[    2.579993] sd 2:0:0:0: [sda] Write Protect is off
[    2.580128] sd 2:0:0:0: [sda] Incomplete mode parameter data
[    2.580130] sd 2:0:0:0: [sda] Assuming drive cache: write through
[    2.587105] sd 2:0:1:0: [sdb] Assuming drive cache: write through
[    2.591091]  sda: sda1
[    2.593450] sd 2:0:1:0: [sdb] Attached SCSI disk
[    2.593505] sd 2:0:0:0: [sda] Attached SCSI disk
Begin: Loading essential drivers ... [    4.024208] raid6: sse2x1   gen() 10681 MB/s
[    4.072223] raid6: sse2x1   xor()  7763 MB/s
[    4.120618] raid6: sse2x2   gen() 13160 MB/s
[    4.168194] raid6: sse2x2   xor()  8637 MB/s
[    4.216157] raid6: sse2x4   gen() 15246 MB/s
[    4.264311] raid6: sse2x4   xor()  9485 MB/s
[    4.312015] raid6: avx2x1   gen() 20940 MB/s
[    4.360287] raid6: avx2x1   xor() 14515 MB/s
[    4.408266] raid6: avx2x2   gen() 24846 MB/s
[    4.456335] raid6: avx2x2   xor() 15561 MB/s
[    4.504282] raid6: avx2x4   gen() 28248 MB/s
[    4.552231] raid6: avx2x4   xor() 17139 MB/s
[    4.553776] raid6: using algorithm avx2x4 gen() 28248 MB/s
[    4.555812] raid6: .... xor() 17139 MB/s, rmw enabled
[    4.557751] raid6: using avx2x2 recovery algorithm
[    4.561757] xor: automatically using best checksumming function   avx       
[    4.567555] async_tx: api initialized (async)
done.
Begin: Running /scripts/init-premount ... done.
Begin: Mounting root file system ... Begin: Running /scripts/local-top ... done.
Begin: Running /scripts/local-premount ... [    4.649663] Btrfs loaded, crc32c=crc32c-intel
Scanning for Btrfs filesystems
done.
Warning: fsck not present, so skipping root file system
[    4.697899] EXT4-fs (sda1): mounted filesystem with ordered data mode. Opts: (null)
done.
Begin: Running /scripts/local-bottom ... done.
Begin: Running /scripts/init-bottom ... done.
[    4.878234] ip_tables: (C) 2000-2006 Netfilter Core Team
[    4.889012] systemd[1]: systemd 237 running in system mode. (+PAM +AUDIT +SELINUX +IMA +APPARMOR +SMACK +SYSVINIT +UTMP +LIBCRYPTSETUP +GCRYPT +GNUTLS +ACL +XZ +LZ4 +SECCOMP +BLKID +ELFUTILS +KMOD -IDN2 +IDN -PCRE2 default-hierarchy=hybrid)
[    4.895454] systemd[1]: Detected virtualization oracle.
[    4.897234] systemd[1]: Detected architecture x86-64.

Welcome to [1mUbuntu 18.04.2 LTS[0m!

[    4.906239] systemd[1]: Set hostname to <ubuntu>.
[    4.911713] systemd[1]: Initializing machine ID from random generator.
[    4.913462] systemd[1]: Installed transient /etc/machine-id file.
[    5.168316] systemd[1]: Reached target User and Group Name Lookups.
[[0;32m  OK  [0m] Reached target User and Group Name Lookups.
[    5.171313] systemd[1]: Reached target System Time Synchronized.
[[0;32m  OK  [0m] Reached target System Time Synchronized.
[    5.178098] systemd[1]: Created slice User and Session Slice.
[[0;32m  OK  [0m] Created slice User and Session Slice.
[    5.180938] systemd[1]: Started Forward Password Requests to Wall Directory Watch.
[[0;32m  OK  [0m] Started Forward Password Requests to Wall Directory Watch.
[[0;32m  OK  [0m] Set up automount Arbitrary Executab…rmats File System Automount Point.
[[0;32m  OK  [0m] Reached target Swap.
[[0;32m  OK  [0m] Created slice System Slice.
[[0;32m  OK  [0m] Listening on Journal Socket.
[[0;32m  OK  [0m] Listening on LVM2 metadata daemon socket.
[[0;32m  OK  [0m] Listening on udev Kernel Socket.
[[0;32m  OK  [0m] Reached target Slices.
[[0;32m  OK  [0m] Listening on LVM2 poll daemon socket.
         Mounting Huge Pages File System...
[[0;32m  OK  [0m] Listening on /dev/initctl Compatibility Named Pipe.
[[0;32m  OK  [0m] Created slice system-serial\x2dgetty.slice.
         Starting Load Kernel Modules...
         Starting Create list of required st…ce nodes for the current kernel...
[[0;32m  OK  [0m] Listening on Journal Socket (/dev/log).
[[0;32m  OK  [0m] Listening on Journal Audit Socket.
[[0;32m  OK  [0m] Listening on Network Service Netlink Socket.
         Mounting POSIX Message Queue File System...
         Mounting Kernel Debug File System...
         Starting Set the console keyboard layout...
         Starting Remount Root and Kernel File Systems...
[[0;32m  OK  [0m] Listening on Syslog Socket.
         Starting Journal Service...
         Starting Uncomplicated firewall...
[[0;32m  OK  [0m] Listening on udev Control Socket.
         Starting udev Coldplug all Devices...
[[0;32m  OK  [0m] Listening on Device-mapper event daemon FIFOs.
         Starting Monitoring of LVM2 mirrors…ng dmeventd or progress polling...
[[0;32m  OK  [0m] Started Create list of required sta…vice nodes for the current kernel.
         Starting Create Static Device Nodes in /dev...
[[0;32m  OK  [0m] Started Journal Service.
[    5.287294] Loading iSCSI transport class v2.0-870.
[    5.295503] iscsi: registered transport (tcp)
[    5.313198] iscsi: registered transport (iser)
[[0;32m  OK  [0m] Started Load Kernel Modules.
         Mounting Kernel Configuration File System...
         Mounting FUSE Control File System...
         Starting Apply Kernel Variables...
[[0;32m  OK  [0m] Started Uncomplicated firewall.
[[0;32m  OK  [0m] Started udev Coldplug all Devices.
[[0;32m  OK  [0m] Started Create Static Device Nodes in /dev.
[[0;32m  OK  [0m] Started Apply Kernel Variables.
[[0;32m  OK  [0m] Mounted Huge Pages File System.
[[0;32m  OK  [0m] Mounted POSIX Message Queue File System.
[[0;32m  OK  [0m] Mounted Kernel Debug File System.
[[0;32m  OK  [0m] Mounted Kernel Configuration File System.
[[0;32m  OK  [0m] Mounted FUSE Control File System.
[[0;32m  OK  [0m] Started Remount Root and Kernel File Systems.
         Starting Flush Journal to Persistent Storage...
         Starting udev Kernel Device Manager...
         Starting Initial cloud-init job (pre-networking)...
         Starting Load/Save Random Seed...
[[0;32m  OK  [0m] Started LVM2 metadata daemon.
[[0;32m  OK  [0m] Started Load/Save Random Seed.
[[0;32m  OK  [0m] Started udev Kernel Device Manager.
[[0;32m  OK  [0m] Started Monitoring of LVM2 mirrors,…sing dmeventd or progress polling.
[[0;32m  OK  [0m] Started Flush Journal to Persistent Storage.
[[0;32m  OK  [0m] Found device /dev/ttyS0.
[[0;32m  OK  [0m] Listening on Load/Save RF Kill Switch Status /dev/rfkill Watch.
[[0;32m  OK  [0m] Started Set the console keyboard layout.
[[0;32m  OK  [0m] Reached target Local File Systems (Pre).
[[0;32m  OK  [0m] Reached target Local File Systems.
         Starting Set console font and keymap...
         Starting Tell Plymouth To Write Out Runtime Data...
         Starting Create Volatile Files and Directories...
         Starting Commit a transient machine-id on disk...
         Starting AppArmor initialization...
         Starting ebtables ruleset management...
[[0;32m  OK  [0m] Started Dispatch Password Requests to Console Directory Watch.
[[0;32m  OK  [0m] Reached target Local Encrypted Volumes.
[[0;32m  OK  [0m] Started Set console font and keymap.
[[0;32m  OK  [0m] Started Tell Plymouth To Write Out Runtime Data.
[[0;32m  OK  [0m] Started Create Volatile Files and Directories.
         Starting Update UTMP about System Boot/Shutdown...
[[0;32m  OK  [0m] Started Update UTMP about System Boot/Shutdown.
[[0;32m  OK  [0m] Started ebtables ruleset management.
[[0;32m  OK  [0m] Started Commit a transient machine-id on disk.
[    7.787830] cloud-init[411]: Cloud-init v. 18.5-45-g3554ffe8-0ubuntu1~18.04.1 running 'init-local' at Thu, 13 Jun 2019 15:05:25 +0000. Up 7.13 seconds.
[[0;32m  OK  [0m] Started Initial cloud-init job (pre-networking).
[[0;32m  OK  [0m] Reached target Network (Pre).
         Starting Network Service...
[[0;32m  OK  [0m] Started Network Service.
         Starting Network Name Resolution...
         Starting Wait for Network to be Configured...
[[0;32m  OK  [0m] Started Network Name Resolution.
[[0;32m  OK  [0m] Reached target Network.
[[0;32m  OK  [0m] Reached target Host and Network Name Lookups.
[[0;32m  OK  [0m] Started AppArmor initialization.
[[0;32m  OK  [0m] Started Wait for Network to be Configured.
         Starting Initial cloud-init job (metadata service crawler)...
[   10.355266] cloud-init[694]: Cloud-init v. 18.5-45-g3554ffe8-0ubuntu1~18.04.1 running 'init' at Thu, 13 Jun 2019 15:05:28 +0000. Up 10.21 seconds.
[   10.360011] cloud-init[694]: ci-info: +++++++++++++++++++++++++++++++++++++Net device info+++++++++++++++++++++++++++++++++++++
[   10.364785] cloud-init[694]: ci-info: +--------+-------+-------------------------+---------------+--------+-------------------+
[   10.368066] cloud-init[694]: ci-info: | Device |   Up  |         Address         |      Mask     | Scope  |     Hw-Address    |
[   10.372467] cloud-init[694]: ci-info: +--------+-------+-------------------------+---------------+--------+-------------------+
[   10.375680] cloud-init[694]: ci-info: | enp0s3 |  True |        10.0.2.15        | 255.255.255.0 | global | 02:06:00:4b:33:e4 |
[   10.379974] cloud-init[694]: ci-info: | enp0s3 |  True | fe80::6:ff:fe4b:33e4/64 |       .       |  link  | 02:06:00:4b:33:e4 |
[   10.382633] cloud-init[694]: ci-info: | enp0s8 | False |            .            |       .       |   .    | 08:00:27:75:99:6e |
[   10.386684] cloud-init[694]: ci-info: |   lo   |  True |        127.0.0.1        |   255.0.0.0   |  host  |         .         |
[   10.390190] cloud-init[694]: ci-info: |   lo   |  True |         ::1/128         |       .       |  host  |         .         |
[   10.393814] cloud-init[694]: ci-info: +--------+-------+-------------------------+---------------+--------+-------------------+
[   10.397938] cloud-init[694]: ci-info: ++++++++++++++++++++++++++++Route IPv4 info+++++++++++++++++++++++++++++
[   10.412366] cloud-init[694]: ci-info: +-------+-------------+----------+-----------------+-----------+-------+
[   10.416099] cloud-init[694]: ci-info: | Route | Destination | Gateway  |     Genmask     | Interface | Flags |
[   10.419805] cloud-init[694]: ci-info: +-------+-------------+----------+-----------------+-----------+-------+
[   10.423247] cloud-init[694]: ci-info: |   0   |   0.0.0.0   | 10.0.2.2 |     0.0.0.0     |   enp0s3  |   UG  |
[   10.427084] cloud-init[694]: ci-info: |   1   |   10.0.2.0  | 0.0.0.0  |  255.255.255.0  |   enp0s3  |   U   |
[   10.430271] cloud-init[694]: ci-info: |   2   |   10.0.2.2  | 0.0.0.0  | 255.255.255.255 |   enp0s3  |   UH  |
[   10.434489] cloud-init[694]: ci-info: +-------+-------------+----------+-----------------+-----------+-------+
[   10.438070] cloud-init[694]: ci-info: +++++++++++++++++++Route IPv6 info+++++++++++++++++++
[   10.441459] cloud-init[694]: ci-info: +-------+-------------+---------+-----------+-------+
[   10.443867] cloud-init[694]: ci-info: | Route | Destination | Gateway | Interface | Flags |
[   10.445569] cloud-init[694]: ci-info: +-------+-------------+---------+-----------+-------+
[   10.449017] cloud-init[694]: ci-info: |   1   |  fe80::/64  |    ::   |   enp0s3  |   U   |
[   10.452058] cloud-init[694]: ci-info: |   3   |    local    |    ::   |   enp0s3  |   U   |
[   10.455362] cloud-init[694]: ci-info: |   4   |   ff00::/8  |    ::   |   enp0s3  |   U   |
[   10.458098] cloud-init[694]: ci-info: +-------+-------------+---------+-----------+-------+
[   11.074047] cloud-init[694]: Generating public/private rsa key pair.
[   11.075666] cloud-init[694]: Your identification has been saved in /etc/ssh/ssh_host_rsa_key.
[   11.078045] cloud-init[694]: Your public key has been saved in /etc/ssh/ssh_host_rsa_key.pub.
[   11.079825] cloud-init[694]: The key fingerprint is:
[   11.081025] cloud-init[694]: SHA256:lTBCVMIh+fB0mr9yKN4c4N+buMOmjZtLKIul8REvTBc root@ubuntu-bionic
[   11.083298] cloud-init[694]: The key's randomart image is:
[   11.084833] cloud-init[694]: +---[RSA 2048]----+
[   11.086003] cloud-init[694]: |    .=*o+        |
[   11.087624] cloud-init[694]: |    o.oo.o .     |
[   11.088647] cloud-init[694]: |    E= +  o      |
[   11.089677] cloud-init[694]: |     .=  .       |
[   11.090641] cloud-init[694]: |  o o  .S        |
[   11.091642] cloud-init[694]: | o * .  .        |
[   11.093071] cloud-init[694]: |o * +... .       |
[   11.094522] cloud-init[694]: |.B +.B*+o.       |
[   11.095803] cloud-init[694]: |+ ..B*B=+.       |
[   11.097281] cloud-init[694]: +----[SHA256]-----+
[   11.099096] cloud-init[694]: Generating public/private dsa key pair.
[   11.101057] cloud-init[694]: Your identification has been saved in /etc/ssh/ssh_host_dsa_key.
[   11.102945] cloud-init[694]: Your public key has been saved in /etc/ssh/ssh_host_dsa_key.pub.
[   11.104929] cloud-init[694]: The key fingerprint is:
[   11.105983] cloud-init[694]: SHA256:39D8PrakR+8Dqq8so6JyARbeDO3LRHW/51w2YQznLnA root@ubuntu-bionic
[   11.107883] cloud-init[694]: The key's randomart image is:
[   11.109284] cloud-init[694]: +---[DSA 1024]----+
[   11.110627] cloud-init[694]: |  . .. .   . .   |
[   11.111967] cloud-init[694]: | o o  . .   =    |
[   11.113265] cloud-init[694]: |. B      o E =   |
[   11.114294] cloud-init[694]: |.o =      +oo .  |
[   11.115266] cloud-init[694]: |..o .   S..oo=   |
[   11.116230] cloud-init[694]: |  .o     .+o+oo  |
[   11.117219] cloud-init[694]: |   .      .oo.+. |
[   11.118169] cloud-init[694]: |. ..   o.  . ++..|
[   11.119124] cloud-init[694]: |.o. ... o++..oo+o|
[   11.120172] cloud-init[694]: +----[SHA256]-----+
[   11.121102] cloud-init[694]: Generating public/private ecdsa key pair.
[   11.122742] cloud-init[694]: Your identification has been saved in /etc/ssh/ssh_host_ecdsa_key.
[   11.124967] cloud-init[694]: Your public key has been saved in /etc/ssh/ssh_host_ecdsa_key.pub.
[   11.127611] cloud-init[694]: The key fingerprint is:
[   11.129074] cloud-init[694]: SHA256:yZdCez2dt1bN5dd4WM2WN+K4geY7juZ5vmmzPB63dzU root@ubuntu-bionic
[   11.131244] cloud-init[694]: The key's randomart image is:
[   11.133075] cloud-init[694]: +---[ECDSA 256]---+
[   11.134405] cloud-init[694]: |                 |
[   11.135623] cloud-init[694]: |               .o|
[   11.136975] cloud-init[694]: |        .    . oB|
[   11.138292] cloud-init[694]: |       o o.oo..O*|
[   11.139343] cloud-init[694]: |        So+oo.= X|
[   11.140708] cloud-init[694]: |        o+  o. E=|
[   11.141895] cloud-init[694]: |         o o   oo|
[   11.143008] cloud-init[694]: |       .+*= .... |
[   11.144382] cloud-init[694]: |      o+*X*.. .  |
[   11.145786] cloud-init[694]: +----[SHA256]-----+
[   11.147121] cloud-init[694]: Generating public/private ed25519 key pair.
[   11.149590] cloud-init[694]: Your identification has been saved in /etc/ssh/ssh_host_ed25519_key.
[   11.152290] cloud-init[694]: Your public key has been saved in /etc/ssh/ssh_host_ed25519_key.pub.
[   11.154620] cloud-init[694]: The key fingerprint is:
[   11.156059] cloud-init[694]: SHA256:yEjBa5veShzK2YWehT9kPFcOWAv00hXSHx9rEr1BL9U root@ubuntu-bionic
[   11.158253] cloud-init[694]: The key's randomart image is:
[   11.160030] cloud-init[694]: +--[ED25519 256]--+
[   11.161647] cloud-init[694]: |   ...o o.o. o. o|
[   11.163198] cloud-init[694]: |    .. * +. o +oE|
[   11.164787] cloud-init[694]: |    ..o = .. +.=.|
[   11.166406] cloud-init[694]: |   .o* o +  o =. |
[   11.167656] cloud-init[694]: |   .=oX S .  o   |
[   11.168914] cloud-init[694]: | . *oO o         |
[   11.169942] cloud-init[694]: |  +.*.o          |
[   11.171072] cloud-init[694]: |   .. ..         |
[   11.172322] cloud-init[694]: |    ..           |
[   11.173886] cloud-init[694]: +----[SHA256]-----+
[[0;32m  OK  [0m] Started Initial cloud-init job (metadata service crawler).
[[0;32m  OK  [0m] Reached target System Initialization.
         Starting Socket activation for snappy daemon.
[[0;32m  OK  [0m] Listening on ACPID Listen Socket.
[[0;32m  OK  [0m] Listening on D-Bus System Message Bus Socket.
[[0;32m  OK  [0m] Started Discard unused blocks once a week.
[[0;32m  OK  [0m] Started Daily Cleanup of Temporary Directories.
[[0;32m  OK  [0m] Started Message of the Day.
[[0;32m  OK  [0m] Started Daily apt download activities.
[[0;32m  OK  [0m] Started Daily apt upgrade and clean activities.
[[0;32m  OK  [0m] Started ACPI Events Check.
[[0;32m  OK  [0m] Reached target Paths.
[[0;32m  OK  [0m] Reached target Timers.
[[0;32m  OK  [0m] Listening on UUID daemon activation socket.
         Starting LXD - unix socket.
[[0;32m  OK  [0m] Listening on Open-iSCSI iscsid Socket.
[[0;32m  OK  [0m] Reached target Network is Online.
[[0;32m  OK  [0m] Reached target Remote File Systems (Pre).
[[0;32m  OK  [0m] Reached target Remote File Systems.
         Starting Availability of block devices...
[[0;32m  OK  [0m] Reached target Cloud-config availability.
[[0;32m  OK  [0m] Listening on Socket activation for snappy daemon.
[[0;32m  OK  [0m] Listening on LXD - unix socket.
[[0;32m  OK  [0m] Started Availability of block devices.
[[0;32m  OK  [0m] Reached target Sockets.
[[0;32m  OK  [0m] Reached target Basic System.
         Starting Permit User Sessions...
         Starting Dispatcher daemon for systemd-networkd...
         Starting LXD - container startup/shutdown...
[[0;32m  OK  [0m] Started FUSE filesystem for LXC.
[[0;32m  OK  [0m] Started Regular background program processing daemon.
[[0;32m  OK  [0m] Started D-Bus System Message Bus.
[[0;32m  OK  [0m] Started Deferred execution scheduler.
         Starting Pollinate to seed the pseudo random number generator...
         Starting Login Service...
         Starting LSB: Record successful boot for GRUB...
         Starting Accounts Service...
         Starting System Logging Service...
         Starting Virtualbox guest utils...
         Starting LSB: automatic crash report generation...
[[0;32m  OK  [0m] Started irqbalance daemon.
         Starting Snappy daemon...
[[0;32m  OK  [0m] Started System Logging Service.
[[0;32m  OK  [0m] Started Permit User Sessions.
[[0;32m  OK  [0m] Started LXD - container startup/shutdown.
[[0;32m  OK  [0m] Started Login Service.
[[0;32m  OK  [0m] Started Unattended Upgrades Shutdown.
         Starting Terminate Plymouth Boot Screen...
         Starting Hold until boot process finishes up...
[[0;32m  OK  [0m] Started Terminate Plymouth Boot Screen.
[[0;32m  OK  [0m] Started Hold until boot process finishes up.
[[0;32m  OK  [0m] Started LSB: automatic crash report generation.
         Starting Authorization Manager...
[[0;32m  OK  [0m] Started Serial Getty on ttyS0.
         Starting Set console scheme...
[[0;32m  OK  [0m] Started Set console scheme.
[[0;32m  OK  [0m] Started LSB: Record successful boot for GRUB.
[[0;32m  OK  [0m] Created slice system-getty.slice.
[[0;32m  OK  [0m] Started Getty on tty1.
[[0;32m  OK  [0m] Reached target Login Prompts.
[[0;32m  OK  [0m] Started Authorization Manager.
[[0;32m  OK  [0m] Started Accounts Service.
[[0;32m  OK  [0m] Started Virtualbox guest utils.
[[0;32m  OK  [0m] Started Dispatcher daemon for systemd-networkd.
[[0;32m  OK  [0m] Started Snappy daemon.
         Starting Wait until snapd is fully seeded...
[[0;32m  OK  [0m] Started Wait until snapd is fully seeded.
         Starting Apply the settings specified in cloud-config...
[   17.739573] cloud-init[1048]: Cloud-init v. 18.5-45-g3554ffe8-0ubuntu1~18.04.1 running 'modules:config' at Thu, 13 Jun 2019 15:05:35 +0000. Up 17.18 seconds.

Ubuntu 18.04.2 LTS ubuntu-bionic ttyS0

ubuntu-bionic login: ci-info: no authorized ssh keys fingerprints found for user ubuntu.
<14>Jun 13 15:05:37 ec2: 
<14>Jun 13 15:05:37 ec2: #############################################################
<14>Jun 13 15:05:37 ec2: -----BEGIN SSH HOST KEY FINGERPRINTS-----
<14>Jun 13 15:05:37 ec2: 1024 SHA256:39D8PrakR+8Dqq8so6JyARbeDO3LRHW/51w2YQznLnA root@ubuntu-bionic (DSA)
<14>Jun 13 15:05:37 ec2: 256 SHA256:yZdCez2dt1bN5dd4WM2WN+K4geY7juZ5vmmzPB63dzU root@ubuntu-bionic (ECDSA)
<14>Jun 13 15:05:37 ec2: 256 SHA256:yEjBa5veShzK2YWehT9kPFcOWAv00hXSHx9rEr1BL9U root@ubuntu-bionic (ED25519)
<14>Jun 13 15:05:37 ec2: 2048 SHA256:lTBCVMIh+fB0mr9yKN4c4N+buMOmjZtLKIul8REvTBc root@ubuntu-bionic (RSA)
<14>Jun 13 15:05:37 ec2: -----END SSH HOST KEY FINGERPRINTS-----
<14>Jun 13 15:05:37 ec2: #############################################################
-----BEGIN SSH HOST KEY KEYS-----
ecdsa-sha2-nistp256 AAAAE2VjZHNhLXNoYTItbmlzdHAyNTYAAAAIbmlzdHAyNTYAAABBBMZzc0UOW1n+uWlIdU9QshRrQiPuj+535vv4/SqZM34PD3ot1nslIu/4Vq+sEuZ5FHMJ5xMCTrjQ7n3SGHFc9mE= root@ubuntu-bionic
ssh-ed25519 AAAAC3NzaC1lZDI1NTE5AAAAIG8MFQLux2wOOp4m5j/gkyU3wh8zHz2qbiuZ9zAwwf8F root@ubuntu-bionic
ssh-rsa AAAAB3NzaC1yc2EAAAADAQABAAABAQDOVRIcopm9MO+eel9Yt9rkrqyx3HmdHVpIv0DVdCJHNaiKN2u5cE/rVHVGRgypyF0ouraOS9pxxw4H12fHOvWOxsWsfarzJ7WRvvZqQsL3la5l+Fam5rYY4As2Oys0xpSr6asagpgEXOQXLh2O7EXNSmcucY+QZLt3l8HMZCDeqnCwYqqhJpEuMjHIwCrZkm4zj89TOX7X3Fwg9OCYRSZJGYXPANUNB3bnxzEGisNaYeFN9p1hnBzUm+Ou6RfZlMPjrK8fQpaN70mc3QLV7vK74VTW9p+FNSEAoLlFrdpu6fv0zYEuclslcafoOQJcV9pvmBweJa5Xqi5zcIwmTf2L root@ubuntu-bionic
-----END SSH HOST KEY KEYS-----
[   18.963687] cloud-init[1162]: Cloud-init v. 18.5-45-g3554ffe8-0ubuntu1~18.04.1 running 'modules:final' at Thu, 13 Jun 2019 15:05:37 +0000. Up 18.67 seconds.
[   18.968469] cloud-init[1162]: ci-info: no authorized ssh keys fingerprints found for user ubuntu.
[   18.968554] cloud-init[1162]: Cloud-init v. 18.5-45-g3554ffe8-0ubuntu1~18.04.1 finished at Thu, 13 Jun 2019 15:05:37 +0000. Datasource DataSourceNoCloud [seed=/dev/sdb][dsmode=net].  Up 18.95 seconds
